This is pdfTeX, Version 3.141592653-2.6-1.40.26 (TeX Live 2024/nixos.org) (preloaded format=pdflatex 1980.1.1)  19 DEC 2024 21:52
entering extended mode
 restricted \write18 enabled.
 %&-line parsing enabled.
**sprawozdanie.tex
(./sprawozdanie.tex
LaTeX2e <2024-06-01> patch level 2
L3 programming layer <2024-10-09>

(/nix/store/zq8wkqzi0lafsmh5qblkhx1zlhvf3i9p-texlive-combined-small-2024.202410
27-texmfdist/tex/latex/base/article.cls
Document Class: article 2024/02/08 v1.4n Standard LaTeX document class

(/nix/store/zq8wkqzi0lafsmh5qblkhx1zlhvf3i9p-texlive-combined-small-2024.202410
27-texmfdist/tex/latex/base/size11.clo
File: size11.clo 2024/02/08 v1.4n Standard LaTeX file (size option)
)
\c@part=\count194
\c@section=\count195
\c@subsection=\count196
\c@subsubsection=\count197
\c@paragraph=\count198
\c@subparagraph=\count199
\c@figure=\count266
\c@table=\count267
\abovecaptionskip=\skip49
\belowcaptionskip=\skip50
\bibindent=\dimen141
)
(/nix/store/zq8wkqzi0lafsmh5qblkhx1zlhvf3i9p-texlive-combined-small-2024.202410
27-texmfdist/tex/latex/base/fontenc.sty
Package: fontenc 2021/04/29 v2.0v Standard LaTeX package
)
(/nix/store/zq8wkqzi0lafsmh5qblkhx1zlhvf3i9p-texlive-combined-small-2024.202410
27-texmfdist/tex/generic/babel/babel.sty
Package: babel 2024/10/20 v24.12 The multilingual framework for pdfLaTeX, LuaLa
TeX and XeLaTeX
\babel@savecnt=\count268
\U@D=\dimen142
\l@unhyphenated=\language25

(/nix/store/zq8wkqzi0lafsmh5qblkhx1zlhvf3i9p-texlive-combined-small-2024.202410
27-texmfdist/tex/generic/babel/txtbabel.def)
\bbl@readstream=\read2
\bbl@dirlevel=\count269

(/nix/store/zq8wkqzi0lafsmh5qblkhx1zlhvf3i9p-texlive-combined-small-2024.202410
27-texmfdist/tex/generic/babel-polish/polish.ldf
Language: polish 2022/03/12 1.3 Babel support for Polish
Package babel Info: Making " an active character on input line 101.
))
(/nix/store/zq8wkqzi0lafsmh5qblkhx1zlhvf3i9p-texlive-combined-small-2024.202410
27-texmfdist/tex/generic/babel/locale/pl/babel-polish.tex
Package babel Info: Importing font and identification data for polish
(babel)             from babel-pl.ini. Reported on input line 11.
)
(/nix/store/zq8wkqzi0lafsmh5qblkhx1zlhvf3i9p-texlive-combined-small-2024.202410
27-texmfdist/tex/latex/base/inputenc.sty
Package: inputenc 2024/02/08 v1.3d Input encoding file
\inpenc@prehook=\toks17
\inpenc@posthook=\toks18
)
(/nix/store/zq8wkqzi0lafsmh5qblkhx1zlhvf3i9p-texlive-combined-small-2024.202410
27-texmfdist/tex/latex/listings/listings.sty
(/nix/store/zq8wkqzi0lafsmh5qblkhx1zlhvf3i9p-texlive-combined-small-2024.202410
27-texmfdist/tex/latex/graphics/keyval.sty
Package: keyval 2022/05/29 v1.15 key=value parser (DPC)
\KV@toks@=\toks19
)
\lst@mode=\count270
\lst@gtempboxa=\box52
\lst@token=\toks20
\lst@length=\count271
\lst@currlwidth=\dimen143
\lst@column=\count272
\lst@pos=\count273
\lst@lostspace=\dimen144
\lst@width=\dimen145
\lst@newlines=\count274
\lst@lineno=\count275
\lst@maxwidth=\dimen146

(/nix/store/zq8wkqzi0lafsmh5qblkhx1zlhvf3i9p-texlive-combined-small-2024.202410
27-texmfdist/tex/latex/listings/lstpatch.sty
File: lstpatch.sty 2024/09/23 1.10c (Carsten Heinz)
)
(/nix/store/zq8wkqzi0lafsmh5qblkhx1zlhvf3i9p-texlive-combined-small-2024.202410
27-texmfdist/tex/latex/listings/lstmisc.sty
File: lstmisc.sty 2024/09/23 1.10c (Carsten Heinz)
\c@lstnumber=\count276
\lst@skipnumbers=\count277
\lst@framebox=\box53
)
(/nix/store/zq8wkqzi0lafsmh5qblkhx1zlhvf3i9p-texlive-combined-small-2024.202410
27-texmfdist/tex/latex/listings/listings.cfg
File: listings.cfg 2024/09/23 1.10c listings configuration
))
Package: listings 2024/09/23 1.10c (Carsten Heinz)

(/nix/store/zq8wkqzi0lafsmh5qblkhx1zlhvf3i9p-texlive-combined-small-2024.202410
27-texmfdist/tex/latex/xcolor/xcolor.sty
Package: xcolor 2024/09/29 v3.02 LaTeX color extensions (UK)

(/nix/store/zq8wkqzi0lafsmh5qblkhx1zlhvf3i9p-texlive-combined-small-2024.202410
27-texmfdist/tex/latex/graphics-cfg/color.cfg
File: color.cfg 2016/01/02 v1.6 sample color configuration
)
Package xcolor Info: Driver file: pdftex.def on input line 274.

(/nix/store/zq8wkqzi0lafsmh5qblkhx1zlhvf3i9p-texlive-combined-small-2024.202410
27-texmfdist/tex/latex/graphics-def/pdftex.def
File: pdftex.def 2024/04/13 v1.2c Graphics/color driver for pdftex
)
(/nix/store/zq8wkqzi0lafsmh5qblkhx1zlhvf3i9p-texlive-combined-small-2024.202410
27-texmfdist/tex/latex/graphics/mathcolor.ltx)
Package xcolor Info: Model `cmy' substituted by `cmy0' on input line 1349.
Package xcolor Info: Model `hsb' substituted by `rgb' on input line 1353.
Package xcolor Info: Model `RGB' extended on input line 1365.
Package xcolor Info: Model `HTML' substituted by `rgb' on input line 1367.
Package xcolor Info: Model `Hsb' substituted by `hsb' on input line 1368.
Package xcolor Info: Model `tHsb' substituted by `hsb' on input line 1369.
Package xcolor Info: Model `HSB' substituted by `hsb' on input line 1370.
Package xcolor Info: Model `Gray' substituted by `gray' on input line 1371.
Package xcolor Info: Model `wave' substituted by `hsb' on input line 1372.
)
(/nix/store/zq8wkqzi0lafsmh5qblkhx1zlhvf3i9p-texlive-combined-small-2024.202410
27-texmfdist/tex/latex/tools/indentfirst.sty
Package: indentfirst 2023/07/02 v1.03 Indent first paragraph (DPC)
)
(/nix/store/zq8wkqzi0lafsmh5qblkhx1zlhvf3i9p-texlive-combined-small-2024.202410
27-texmfdist/tex/latex/graphics/graphicx.sty
Package: graphicx 2021/09/16 v1.2d Enhanced LaTeX Graphics (DPC,SPQR)

(/nix/store/zq8wkqzi0lafsmh5qblkhx1zlhvf3i9p-texlive-combined-small-2024.202410
27-texmfdist/tex/latex/graphics/graphics.sty
Package: graphics 2024/05/23 v1.4g Standard LaTeX Graphics (DPC,SPQR)

(/nix/store/zq8wkqzi0lafsmh5qblkhx1zlhvf3i9p-texlive-combined-small-2024.202410
27-texmfdist/tex/latex/graphics/trig.sty
Package: trig 2023/12/02 v1.11 sin cos tan (DPC)
)
(/nix/store/zq8wkqzi0lafsmh5qblkhx1zlhvf3i9p-texlive-combined-small-2024.202410
27-texmfdist/tex/latex/graphics-cfg/graphics.cfg
File: graphics.cfg 2016/06/04 v1.11 sample graphics configuration
)
Package graphics Info: Driver file: pdftex.def on input line 106.
)
\Gin@req@height=\dimen147
\Gin@req@width=\dimen148
)
(/nix/store/zq8wkqzi0lafsmh5qblkhx1zlhvf3i9p-texlive-combined-small-2024.202410
27-texmfdist/tex/latex/l3backend/l3backend-pdftex.def
File: l3backend-pdftex.def 2024-05-08 L3 backend support: PDF output (pdfTeX)
\l__color_backend_stack_int=\count278
\l__pdf_internal_box=\box54
) (./sprawozdanie.aux)
\openout1 = `sprawozdanie.aux'.

LaTeX Font Info:    Checking defaults for OML/cmm/m/it on input line 50.
LaTeX Font Info:    ... okay on input line 50.
LaTeX Font Info:    Checking defaults for OMS/cmsy/m/n on input line 50.
LaTeX Font Info:    ... okay on input line 50.
LaTeX Font Info:    Checking defaults for OT1/cmr/m/n on input line 50.
LaTeX Font Info:    ... okay on input line 50.
LaTeX Font Info:    Checking defaults for T1/cmr/m/n on input line 50.
LaTeX Font Info:    ... okay on input line 50.
LaTeX Font Info:    Checking defaults for TS1/cmr/m/n on input line 50.
LaTeX Font Info:    ... okay on input line 50.
LaTeX Font Info:    Checking defaults for OMX/cmex/m/n on input line 50.
LaTeX Font Info:    ... okay on input line 50.
LaTeX Font Info:    Checking defaults for U/cmr/m/n on input line 50.
LaTeX Font Info:    ... okay on input line 50.
\c@lstlisting=\count279

(/nix/store/zq8wkqzi0lafsmh5qblkhx1zlhvf3i9p-texlive-combined-small-2024.202410
27-texmfdist/tex/context/base/mkii/supp-pdf.mkii
[Loading MPS to PDF converter (version 2006.09.02).]
\scratchcounter=\count280
\scratchdimen=\dimen149
\scratchbox=\box55
\nofMPsegments=\count281
\nofMParguments=\count282
\everyMPshowfont=\toks21
\MPscratchCnt=\count283
\MPscratchDim=\dimen150
\MPnumerator=\count284
\makeMPintoPDFobject=\count285
\everyMPtoPDFconversion=\toks22
)
(/nix/store/zq8wkqzi0lafsmh5qblkhx1zlhvf3i9p-texlive-combined-small-2024.202410
27-texmfdist/tex/latex/epstopdf-pkg/epstopdf-base.sty
Package: epstopdf-base 2020-01-24 v2.11 Base part for package epstopdf
Package epstopdf-base Info: Redefining graphics rule for `.eps' on input line 4
85.

(/nix/store/zq8wkqzi0lafsmh5qblkhx1zlhvf3i9p-texlive-combined-small-2024.202410
27-texmfdist/tex/latex/latexconfig/epstopdf-sys.cfg
File: epstopdf-sys.cfg 2010/07/13 v1.3 Configuration of (r)epstopdf for TeX Liv
e
))
LaTeX Font Info:    External font `cmex10' loaded for size
(Font)              <12> on input line 52.
LaTeX Font Info:    External font `cmex10' loaded for size
(Font)              <8> on input line 52.
LaTeX Font Info:    External font `cmex10' loaded for size
(Font)              <6> on input line 52.


[1

{/nix/store/ia0qhqr9b5aag2412w7qspn4mfvw0lkn-texlive-combined-small-2024.202410
27/share/texmf-var/fonts/map/pdftex/updmap/pdftex.map}]
(/nix/store/zq8wkqzi0lafsmh5qblkhx1zlhvf3i9p-texlive-combined-small-2024.202410
27-texmfdist/tex/latex/listings/lstlang1.sty
File: lstlang1.sty 2024/09/23 1.10c listings language file
)
(/nix/store/zq8wkqzi0lafsmh5qblkhx1zlhvf3i9p-texlive-combined-small-2024.202410
27-texmfdist/tex/latex/listings/lstlang2.sty
File: lstlang2.sty 2024/09/23 1.10c listings language file
)
(/nix/store/zq8wkqzi0lafsmh5qblkhx1zlhvf3i9p-texlive-combined-small-2024.202410
27-texmfdist/tex/latex/listings/lstlang3.sty
File: lstlang3.sty 2024/09/23 1.10c listings language file
)
LaTeX Font Info:    Trying to load font information for T1+cmtt on input line 5
9.

(/nix/store/zq8wkqzi0lafsmh5qblkhx1zlhvf3i9p-texlive-combined-small-2024.202410
27-texmfdist/tex/latex/base/t1cmtt.fd
File: t1cmtt.fd 2023/04/13 v2.5m Standard LaTeX font definitions
)

[2]

[3]
<../plots/earnings_hist.png, id=19, 481.8pt x 481.8pt>
File: ../plots/earnings_hist.png Graphic file (type png)
<use ../plots/earnings_hist.png>
Package pdftex.def Info: ../plots/earnings_hist.png  used on input line 150.
(pdftex.def)             Requested size: 240.8994pt x 240.8994pt.
<../plots/earnings_qq.png, id=20, 481.8pt x 481.8pt>
File: ../plots/earnings_qq.png Graphic file (type png)
<use ../plots/earnings_qq.png>
Package pdftex.def Info: ../plots/earnings_qq.png  used on input line 151.
(pdftex.def)             Requested size: 240.8994pt x 240.8994pt.


[4 <../plots/earnings_hist.png> <../plots/earnings_qq.png>]

[5]

[6]
<../plots/shrimps_qq.png, id=32, 481.8pt x 481.8pt>
File: ../plots/shrimps_qq.png Graphic file (type png)
<use ../plots/shrimps_qq.png>
Package pdftex.def Info: ../plots/shrimps_qq.png  used on input line 237.
(pdftex.def)             Requested size: 240.8994pt x 240.8994pt.


[7 <../plots/shrimps_qq.png>]
<../plots/npkyield_qq.png, id=38, 481.8pt x 481.8pt>
File: ../plots/npkyield_qq.png Graphic file (type png)
<use ../plots/npkyield_qq.png>
Package pdftex.def Info: ../plots/npkyield_qq.png  used on input line 273.
(pdftex.def)             Requested size: 240.8994pt x 240.8994pt.


[8 <../plots/npkyield_qq.png>]
<../plots/quineabsent_qq.png, id=43, 481.8pt x 481.8pt>
File: ../plots/quineabsent_qq.png Graphic file (type png)
<use ../plots/quineabsent_qq.png>
Package pdftex.def Info: ../plots/quineabsent_qq.png  used on input line 308.
(pdftex.def)             Requested size: 240.8994pt x 240.8994pt.


[9 <../plots/quineabsent_qq.png>] (./sprawozdanie.aux)
 ***********
LaTeX2e <2024-06-01> patch level 2
L3 programming layer <2024-10-09>
 ***********
 ) 
Here is how much of TeX's memory you used:
 5653 strings out of 475028
 88447 string characters out of 5751990
 809583 words of memory out of 5000000
 28313 multiletter control sequences out of 15000+600000
 567883 words of font info for 56 fonts, out of 8000000 for 9000
 319 hyphenation exceptions out of 8191
 57i,7n,65p,189b,1849s stack positions out of 10000i,1000n,20000p,200000b,200000s
 </home/cava/.texlive2024/texmf-var/fonts/pk/ljfour/jknappen/ec/ectt0900.600p
k> </home/cava/.texlive2024/texmf-var/fonts/pk/ljfour/jknappen/ec/ecrm0600.600p
k> </home/cava/.texlive2024/texmf-var/fonts/pk/ljfour/jknappen/ec/ecbx1200.600p
k> </home/cava/.texlive2024/texmf-var/fonts/pk/ljfour/jknappen/ec/ecbx1440.600p
k> </home/cava/.texlive2024/texmf-var/fonts/pk/ljfour/jknappen/ec/ecrm1095.600p
k> </home/cava/.texlive2024/texmf-var/fonts/pk/ljfour/jknappen/ec/ecrm1200.600p
k> </home/cava/.texlive2024/texmf-var/fonts/pk/ljfour/jknappen/ec/ecrm1728.600p
k>
Output written on sprawozdanie.pdf (9 pages, 108977 bytes).
PDF statistics:
 266 PDF objects out of 1000 (max. 8388607)
 50 compressed objects within 1 object stream
 0 named destinations out of 1000 (max. 500000)
 26 words of extra memory for PDF output out of 10000 (max. 10000000)

